-------------------------------------------------------------------------------
Test set: TestSuite
-------------------------------------------------------------------------------
Tests run: 9, Failures: 5, Errors: 0, Skipped: 0, Time elapsed: 24.59 s <<< FAILURE! -- in TestSuite
com.ist.testrunner.CucumberRunnerTest.runScenario["Verify dynamic table presence and content", "Dynamic Table Verification"](1) -- Time elapsed: 6.142 s <<< FAILURE!
io.cucumber.testng.UndefinedStepException: 
The step 'I am on the dynamic table page' and 4 other step(s) are undefined.
You can implement these steps using the snippet(s) below:

@Given("I am on the dynamic table page")
public void i_am_on_the_dynamic_table_page() {
    // Write code here that turns the phrase above into concrete actions
    throw new io.cucumber.java.PendingException();
}
@When("I check for the dynamic table")
public void i_check_for_the_dynamic_table() {
    // Write code here that turns the phrase above into concrete actions
    throw new io.cucumber.java.PendingException();
}
@Then("the dynamic table should be displayed")
public void the_dynamic_table_should_be_displayed() {
    // Write code here that turns the phrase above into concrete actions
    throw new io.cucumber.java.PendingException();
}
@Then("the table should have at least {int} rows and {int} columns")
public void the_table_should_have_at_least_rows_and_columns(Integer int1, Integer int2) {
    // Write code here that turns the phrase above into concrete actions
    throw new io.cucumber.java.PendingException();
}
@Then("the table should contain the value {string}")
public void the_table_should_contain_the_value(String string) {
    // Write code here that turns the phrase above into concrete actions
    throw new io.cucumber.java.PendingException();
}

	at io.cucumber.core.runtime.TestCaseResultObserver.assertTestCasePassed(TestCaseResultObserver.java:69)
	at io.cucumber.testng.TestCaseResultObserver.assertTestCasePassed(TestCaseResultObserver.java:23)
	at io.cucumber.testng.TestNGCucumberRunner.lambda$runScenario$1(TestNGCucumberRunner.java:133)
	at io.cucumber.core.runtime.CucumberExecutionContext.lambda$runTestCase$5(CucumberExecutionContext.java:137)
	at io.cucumber.core.runtime.RethrowingThrowableCollector.executeAndThrow(RethrowingThrowableCollector.java:23)
	at io.cucumber.core.runtime.CucumberExecutionContext.runTestCase(CucumberExecutionContext.java:137)
	at io.cucumber.testng.TestNGCucumberRunner.runScenario(TestNGCucumberRunner.java:129)
	at io.cucumber.testng.AbstractTestNGCucumberTests.runScenario(AbstractTestNGCucumberTests.java:35)
	at java.base/jdk.internal.reflect.DirectMethodHandleAccessor.invoke(DirectMethodHandleAccessor.java:103)
	at java.base/java.lang.reflect.Method.invoke(Method.java:580)
	at org.testng.internal.invokers.MethodInvocationHelper.invokeMethod(MethodInvocationHelper.java:139)
	at org.testng.internal.invokers.TestInvoker.invokeMethod(TestInvoker.java:664)
	at org.testng.internal.invokers.TestInvoker.invokeTestMethod(TestInvoker.java:227)
	at org.testng.internal.invokers.TestMethodWithDataProviderMethodWorker.call(TestMethodWithDataProviderMethodWorker.java:80)
	at org.testng.internal.invokers.TestMethodWithDataProviderMethodWorker.call(TestMethodWithDataProviderMethodWorker.java:17)
	at java.base/java.util.concurrent.FutureTask.run(FutureTask.java:317)
	at java.base/java.util.concurrent.Executors$RunnableAdapter.call(Executors.java:572)
	at java.base/java.util.concurrent.FutureTask.run(FutureTask.java:317)
	at java.base/java.util.concurrent.ThreadPoolExecutor.runWorker(ThreadPoolExecutor.java:1144)
	at java.base/java.util.concurrent.ThreadPoolExecutor$Worker.run(ThreadPoolExecutor.java:642)
	at java.base/java.lang.Thread.run(Thread.java:1575)

com.ist.testrunner.CucumberRunnerTest.runScenario["Login to Orange HRM", "Login page validations"](2) -- Time elapsed: 4.807 s <<< FAILURE!
java.lang.AssertionError: Navigation to dashboard failed expected [https://opensource-demo.orangehrmlive.com/web/index.php/dashboard/index] but found [https://opensource-demo.orangehrmlive.com/web/index.php/auth/login]
	at org.testng.Assert.fail(Assert.java:111)
	at org.testng.Assert.failNotEquals(Assert.java:1578)
	at org.testng.Assert.assertEqualsImpl(Assert.java:150)
	at org.testng.Assert.assertEquals(Assert.java:132)
	at org.testng.Assert.assertEquals(Assert.java:656)
	at com.ist.stepdef.LoginStepDef.userShouldNavigateToOrangeHrmHomePage(LoginStepDef.java:76)
	at ✽.User should navigate to Orange HRM home page(file:///C:/Users/imsan/OneDrive/Documents/Test_Ws/istsel2/src/main/resources/Login.feature:20)

com.ist.testrunner.CucumberRunnerTest.runScenario["Login to Orange HRM", "Login page validations"](5) -- Time elapsed: 4.806 s <<< FAILURE!
java.lang.AssertionError: Navigation to dashboard failed expected [https://opensource-demo.orangehrmlive.com/web/index.php/dashboard/index] but found [https://opensource-demo.orangehrmlive.com/web/index.php/auth/login]
	at org.testng.Assert.fail(Assert.java:111)
	at org.testng.Assert.failNotEquals(Assert.java:1578)
	at org.testng.Assert.assertEqualsImpl(Assert.java:150)
	at org.testng.Assert.assertEquals(Assert.java:132)
	at org.testng.Assert.assertEquals(Assert.java:656)
	at com.ist.stepdef.LoginStepDef.userShouldNavigateToOrangeHrmHomePage(LoginStepDef.java:76)
	at ✽.User should navigate to Orange HRM home page(file:///C:/Users/imsan/OneDrive/Documents/Test_Ws/istsel2/src/main/resources/Login2.feature:20)

com.ist.testrunner.CucumberRunnerTest.runScenario["Login to Orange HRM", "Login page validations"](6) -- Time elapsed: 4.098 s <<< FAILURE!
java.lang.AssertionError: Navigation to dashboard failed expected [https://opensource-demo.orangehrmlive.com/web/index.php/dashboard/index] but found [https://opensource-demo.orangehrmlive.com/web/index.php/auth/login]
	at org.testng.Assert.fail(Assert.java:111)
	at org.testng.Assert.failNotEquals(Assert.java:1578)
	at org.testng.Assert.assertEqualsImpl(Assert.java:150)
	at org.testng.Assert.assertEquals(Assert.java:132)
	at org.testng.Assert.assertEquals(Assert.java:656)
	at com.ist.stepdef.LoginStepDef.userShouldNavigateToOrangeHrmHomePage(LoginStepDef.java:76)
	at ✽.User should navigate to Orange HRM home page(file:///C:/Users/imsan/OneDrive/Documents/Test_Ws/istsel2/src/main/resources/Login3.feature:20)

com.ist.testrunner.CucumberRunnerTest.runScenario["Login to Orange HRM", "Login page validations"](9) -- Time elapsed: 7.187 s <<< FAILURE!
java.lang.AssertionError: Navigation to dashboard failed expected [https://opensource-demo.orangehrmlive.com/web/index.php/dashboard/index] but found [https://opensource-demo.orangehrmlive.com/web/index.php/auth/login]
	at org.testng.Assert.fail(Assert.java:111)
	at org.testng.Assert.failNotEquals(Assert.java:1578)
	at org.testng.Assert.assertEqualsImpl(Assert.java:150)
	at org.testng.Assert.assertEquals(Assert.java:132)
	at org.testng.Assert.assertEquals(Assert.java:656)
	at com.ist.stepdef.LoginStepDef.userShouldNavigateToOrangeHrmHomePage(LoginStepDef.java:76)
	at ✽.User should navigate to Orange HRM home page(file:///C:/Users/imsan/OneDrive/Documents/Test_Ws/istsel2/src/main/resources/Login4.feature:20)

